<?xml version="1.0" encoding="UTF-8"?>
<!-- Generated by org.testng.reporters.JUnitXMLReporter -->
<testsuite hostname="Arpits-MacBook-Air.local" ignored="1" name="Test1" tests="1" failures="0" timestamp="09 Apr 2018 21:36:06 GMT" time="66.137" errors="0">
  <testcase name="MMT_end_to_end" time="66.087" classname="test_scripts.Assignment_MMT"/>
  <testcase name="@BeforeSuite OpenBrowserAndLink" time="0.0" classname="test_scripts.MMT_PreCondition">
    <ignored/>
  </testcase> <!-- @BeforeSuite OpenBrowserAndLink -->
</testsuite> <!-- Test1 -->
